<?xml version="1.0" encoding="UTF-8"?>
<testsuite name="agh.ii.prinjava.proj1.impl.DLinkListTest" tests="1" skipped="0" failures="0" errors="0" timestamp="2021-10-21T17:47:02" hostname="DESKTOP-PU0VTN0" time="0.024">
  <properties/>
  <testcase name="toStringTest()" classname="agh.ii.prinjava.proj1.impl.DLinkListTest" time="0.024"/>
  <system-out><![CDATA[]]></system-out>
  <system-err><![CDATA[]]></system-err>
</testsuite>
